Project Navigator Auto-Make Log File
-------------------------------------




Started process "Check Syntax".


=========================================================================
*                          HDL Compilation                              *
=========================================================================
Compiling vhdl file c:/users/roberto/desktop/pf4/PF4.vhd in Library work.
ERROR:HDLParsers:164 - c:/users/roberto/desktop/pf4/PF4.vhd Line 36. parse error, unexpected IF, expecting THEN
ERROR:HDLParsers:164 - c:/users/roberto/desktop/pf4/PF4.vhd Line 100. parse error, unexpected IF, expecting PROCESS
ERROR:HDLParsers:164 - c:/users/roberto/desktop/pf4/PF4.vhd Line 103. parse error, unexpected IF, expecting PROCESS
ERROR: XST failed
Process "Check Syntax" did not complete.


Project Navigator Auto-Make Log File
-------------------------------------




Started process "Check Syntax".


=========================================================================
*                          HDL Compilation                              *
=========================================================================
Compiling vhdl file c:/users/roberto/desktop/pf4/PF4.vhd in Library work.
Entity <PF4> (Architecture <Behavioral>) compiled.
Completed process "Check Syntax".



Project Navigator Auto-Make Log File
-------------------------------------



Project Navigator Auto-Make Log File
-------------------------------------



Project Navigator Auto-Make Log File
-------------------------------------



Project Navigator Auto-Make Log File
-------------------------------------



Project Navigator Auto-Make Log File
-------------------------------------



Project Navigator Auto-Make Log File
-------------------------------------



Project Navigator Auto-Make Log File
-------------------------------------




Started process "Check Syntax".


=========================================================================
*                          HDL Compilation                              *
=========================================================================
Compiling vhdl file c:/users/roberto/desktop/pf4/PF4.vhd in Library work.
Entity <pf4> (Architecture <behavioral>) compiled.
Completed process "Check Syntax".



Project Navigator Auto-Make Log File
-------------------------------------



Project Navigator Auto-Make Log File
-------------------------------------



Project Navigator Auto-Make Log File
-------------------------------------



Project Navigator Auto-Make Log File
-------------------------------------



Project Navigator Auto-Make Log File
-------------------------------------



Project Navigator Auto-Make Log File
-------------------------------------



Project Navigator Auto-Make Log File
-------------------------------------



Project Navigator Auto-Make Log File
-------------------------------------



Project Navigator Auto-Make Log File
-------------------------------------




Started process "Check Syntax".


=========================================================================
*                          HDL Compilation                              *
=========================================================================
Compiling vhdl file c:/users/roberto/desktop/pf4/PF4.vhd in Library work.
Entity <pf4> (Architecture <behavioral>) compiled.
Completed process "Check Syntax".



Project Navigator Auto-Make Log File
-------------------------------------



Project Navigator Auto-Make Log File
-------------------------------------




Started process "Check Syntax".


=========================================================================
*                          HDL Compilation                              *
=========================================================================
Compiling vhdl file c:/users/roberto/desktop/pf4/PF4.vhd in Library work.
ERROR:HDLParsers:164 - c:/users/roberto/desktop/pf4/PF4.vhd Line 85. parse error, unexpected IDENTIFIER, expecting SEMICOLON
ERROR: XST failed
Process "Check Syntax" did not complete.


Project Navigator Auto-Make Log File
-------------------------------------




Started process "Check Syntax".


=========================================================================
*                          HDL Compilation                              *
=========================================================================
Compiling vhdl file c:/users/roberto/desktop/pf4/PF4.vhd in Library work.
Entity <pf4> (Architecture <behavioral>) compiled.
Completed process "Check Syntax".



Project Navigator Auto-Make Log File
-------------------------------------



Project Navigator Auto-Make Log File
-------------------------------------



Project Navigator Auto-Make Log File
-------------------------------------


Launching Application for process "Generate Expected Simulation Results".

Reading C:/Modeltech_pe_edu_10.2/tcl/vsim/pref.tcl 

# 10.2

# do tbw.ado 
listening on address 127.0.0.1 port 1200
# ** Warning: (vlib-34) Library already exists at "work".
# 
# resume
# Model Technology ModelSim PE Student Edition vcom 10.2 Compiler 2013.02 Feb  2 2013
# -- Loading package STANDARD
# -- Loading package TEXTIO
# -- Loading package std_logic_1164
# -- Loading package std_logic_arith
# -- Loading package STD_LOGIC_UNSIGNED
# -- Compiling entity PF4
# -- Compiling architecture Behavioral of PF4
# Model Technology ModelSim PE Student Edition vcom 10.2 Compiler 2013.02 Feb  2 2013
# -- Loading package STANDARD
# -- Loading package TEXTIO
# -- Loading package std_logic_1164
# -- Loading package std_logic_arith
# -- Loading package STD_LOGIC_UNSIGNED
# -- Loading package std_logic_textio
# -- Compiling entity tbw
# -- Compiling architecture testbench_arch of tbw
# -- Compiling configuration pf4_cfg
# -- Loading entity tbw
# -- Loading architecture testbench_arch of tbw
# -- Loading entity PF4
# //  ModelSim PE Student Edition 10.2 Feb  2 2013 
# //
# //  Copyright 1991-2013 Mentor Graphics Corporation
# //  All Rights Reserved.
# //
# //  THIS WORK CONTAINS TRADE SECRET AND PROPRIETARY INFORMATION
# //  WHICH IS THE PROPERTY OF MENTOR GRAPHICS CORPORATION OR ITS
# //  LICENSORS AND IS SUBJECT TO LICENSE TERMS.
# //
# // NOT FOR CORPORATE OR PRODUCTION USE.
# // THE ModelSim PE Student Edition IS NOT A SUPPORTED PRODUCT.
# // FOR HIGHER EDUCATION PURPOSES ONLY
# //
# vsim -lib work -t 1ps tbw 
# Loading std.standard
# Loading std.textio(body)
# Loading ieee.std_logic_1164(body)
# Loading ieee.std_logic_arith(body)
# Loading ieee.std_logic_unsigned(body)
# Loading ieee.std_logic_textio(body)
# Loading work.tbw(testbench_arch)
# Loading work.pf4(behavioral)
# ** Failure: Success! Simulation for annotation completed
#    Time: 3160 ns  Iteration: 0  Process: /tbw/line__106 File: tbw.ant
# Break in Process line__106 at tbw.ant line 197
# Stopped at tbw.ant line 197 


Project Navigator Auto-Make Log File
-------------------------------------



Project Navigator Auto-Make Log File
-------------------------------------



Project Navigator Auto-Make Log File
-------------------------------------



Project Navigator Auto-Make Log File
-------------------------------------



Project Navigator Auto-Make Log File
-------------------------------------



Project Navigator Auto-Make Log File
-------------------------------------



Project Navigator Auto-Make Log File
-------------------------------------



Project Navigator Auto-Make Log File
-------------------------------------


