Project Navigator Auto-Make Log File
-------------------------------------




Started process "Check Syntax".


=========================================================================
*                          HDL Compilation                              *
=========================================================================
WARNING:HDLParsers:3458 - Because of erroneous VHDL in VHDL file c:\users\asus\desktop\pf\pf/PF.vhd, automatic determination of correct order of compilation of files in project file pf_vhdl.prj is not possible. Please compile your vhdl file(s) individually to find and fix the error(s) in your vhdl file(s). Defaulting to compilation in the order vhdl file names appear in the project file.
Compiling vhdl file c:\users\asus\desktop\pf\pf/PF.vhd in Library work.
ERROR:HDLParsers:164 - c:\users\asus\desktop\pf\pf/PF.vhd Line 21. parse error, unexpected IF
ERROR: XST failed
Process "Check Syntax" did not complete.


Project Navigator Auto-Make Log File
-------------------------------------




Started process "Check Syntax".


=========================================================================
*                          HDL Compilation                              *
=========================================================================
Compiling vhdl file c:/users/asus/desktop/pf/pf/PF.vhd in Library work.
Entity <PF> (Architecture <Behavioral>) compiled.
Completed process "Check Syntax".



Project Navigator Auto-Make Log File
-------------------------------------




Project Navigator Auto-Make Log File
-------------------------------------




Started process "Check Syntax".


=========================================================================
*                          HDL Compilation                              *
=========================================================================
Compiling vhdl file c:/users/asus/desktop/pf/pf/PF.vhd in Library work.
Entity <pf> (Architecture <behavioral>) compiled.
Completed process "Check Syntax".



Project Navigator Auto-Make Log File
-------------------------------------

Compiling vhdl file c:/users/asus/desktop/pf/pf/PF.vhd in Library work.
Entity <pf> (Architecture <behavioral>) compiled.



Project Navigator Auto-Make Log File
-------------------------------------




Started process "Check Syntax".


=========================================================================
*                          HDL Compilation                              *
=========================================================================
WARNING:HDLParsers:3458 - Because of erroneous VHDL in VHDL file c:\users\asus\desktop\pf\pf/PF.vhd, automatic determination of correct order of compilation of files in project file pf_vhdl.prj is not possible. Please compile your vhdl file(s) individually to find and fix the error(s) in your vhdl file(s). Defaulting to compilation in the order vhdl file names appear in the project file.
Compiling vhdl file c:\users\asus\desktop\pf\pf/PF.vhd in Library work.
ERROR:HDLParsers:164 - c:\users\asus\desktop\pf\pf/PF.vhd Line 43. parse error, unexpected PROCESS, expecting IF
ERROR:HDLParsers:164 - c:\users\asus\desktop\pf\pf/PF.vhd Line 48. parse error, unexpected IDENTIFIER, expecting IF
ERROR: XST failed
Process "Check Syntax" did not complete.


Project Navigator Auto-Make Log File
-------------------------------------




Started process "Check Syntax".


=========================================================================
*                          HDL Compilation                              *
=========================================================================
Compiling vhdl file c:/users/asus/desktop/pf/pf/PF.vhd in Library work.
Entity <pf> (Architecture <behavioral>) compiled.
Completed process "Check Syntax".



Project Navigator Auto-Make Log File
-------------------------------------

Compiling vhdl file c:/users/asus/desktop/pf/pf/PF.vhd in Library work.
Entity <pf> (Architecture <behavioral>) compiled.



Project Navigator Auto-Make Log File
-------------------------------------




Started process "Check Syntax".


=========================================================================
*                          HDL Compilation                              *
=========================================================================
Compiling vhdl file c:/users/asus/desktop/pf/pf/PF.vhd in Library work.
Entity <pf> (Architecture <behavioral>) compiled.
Completed process "Check Syntax".



Project Navigator Auto-Make Log File
-------------------------------------

Compiling vhdl file c:/users/asus/desktop/pf/pf/PF.vhd in Library work.
Entity <pf> (Architecture <behavioral>) compiled.



Project Navigator Auto-Make Log File
-------------------------------------




Started process "Check Syntax".


=========================================================================
*                          HDL Compilation                              *
=========================================================================
Compiling vhdl file c:/users/asus/desktop/pf/pf/PF.vhd in Library work.
Entity <pf> (Architecture <behavioral>) compiled.
Completed process "Check Syntax".



Project Navigator Auto-Make Log File
-------------------------------------

Compiling vhdl file c:/users/asus/desktop/pf/pf/PF.vhd in Library work.
Entity <pf> (Architecture <behavioral>) compiled.



Project Navigator Auto-Make Log File
-------------------------------------




Started process "Check Syntax".


=========================================================================
*                          HDL Compilation                              *
=========================================================================
Compiling vhdl file c:/users/asus/desktop/pf/pf/PF.vhd in Library work.
Entity <pf> (Architecture <behavioral>) compiled.
Completed process "Check Syntax".



Project Navigator Auto-Make Log File
-------------------------------------

Compiling vhdl file c:/users/asus/desktop/pf/pf/PF.vhd in Library work.
Entity <pf> (Architecture <behavioral>) compiled.



Project Navigator Auto-Make Log File
-------------------------------------



Project Navigator Auto-Make Log File
-------------------------------------




Started process "Check Syntax".


=========================================================================
*                          HDL Compilation                              *
=========================================================================
Compiling vhdl file c:/users/asus/desktop/pf/pf/PF.vhd in Library work.
Entity <pf> (Architecture <behavioral>) compiled.
Completed process "Check Syntax".



Project Navigator Auto-Make Log File
-------------------------------------

Compiling vhdl file c:/users/asus/desktop/pf/pf/PF.vhd in Library work.
Entity <pf> (Architecture <behavioral>) compiled.



Project Navigator Auto-Make Log File
-------------------------------------




Started process "Check Syntax".


=========================================================================
*                          HDL Compilation                              *
=========================================================================
Compiling vhdl file c:/users/asus/desktop/pf/pf/PF.vhd in Library work.
Entity <pf> (Architecture <behavioral>) compiled.
Completed process "Check Syntax".



Project Navigator Auto-Make Log File
-------------------------------------

Compiling vhdl file c:/users/asus/desktop/pf/pf/PF.vhd in Library work.
Entity <pf> (Architecture <behavioral>) compiled.



Project Navigator Auto-Make Log File
-------------------------------------




Started process "Check Syntax".


=========================================================================
*                          HDL Compilation                              *
=========================================================================
Compiling vhdl file c:/users/asus/desktop/pf/pf/PF.vhd in Library work.
Entity <pf> (Architecture <behavioral>) compiled.
Completed process "Check Syntax".



Project Navigator Auto-Make Log File
-------------------------------------

Compiling vhdl file c:/users/asus/desktop/pf/pf/PF.vhd in Library work.
Entity <pf> (Architecture <behavioral>) compiled.



Project Navigator Auto-Make Log File
-------------------------------------




Started process "Check Syntax".


=========================================================================
*                          HDL Compilation                              *
=========================================================================
Compiling vhdl file c:/users/asus/desktop/pf/pf/PF.vhd in Library work.
Entity <pf> (Architecture <behavioral>) compiled.
Completed process "Check Syntax".



Project Navigator Auto-Make Log File
-------------------------------------

Compiling vhdl file c:/users/asus/desktop/pf/pf/PF.vhd in Library work.
Entity <pf> (Architecture <behavioral>) compiled.



Project Navigator Auto-Make Log File
-------------------------------------




Started process "Check Syntax".


=========================================================================
*                          HDL Compilation                              *
=========================================================================
Compiling vhdl file c:/users/asus/desktop/pf/pf/PF.vhd in Library work.
Entity <pf> (Architecture <behavioral>) compiled.
Completed process "Check Syntax".


