Project Navigator Auto-Make Log File
-------------------------------------




Started process "Check Syntax".


=========================================================================
*                          HDL Compilation                              *
=========================================================================
Compiling vhdl file c:/users/asus/desktop/onecounter/onecounter.vhd in Library work.
Entity <onecounter> (Architecture <Behavioral>) compiled.
Completed process "Check Syntax".



Project Navigator Auto-Make Log File
-------------------------------------


Launching Application for process "Generate Expected Simulation Results".

Reading C:/Modeltech_pe_edu_10.2/tcl/vsim/pref.tcl 

# 10.2

# do OC.ado 
listening on address 127.0.0.1 port 1200
# resume
# Model Technology ModelSim PE Student Edition vcom 10.2 Compiler 2013.02 Feb  2 2013
# -- Loading package STANDARD
# -- Loading package TEXTIO
# -- Loading package std_logic_1164
# -- Loading package std_logic_arith
# -- Loading package STD_LOGIC_UNSIGNED
# -- Compiling entity onecounter
# -- Compiling architecture Behavioral of onecounter
# Model Technology ModelSim PE Student Edition vcom 10.2 Compiler 2013.02 Feb  2 2013
# -- Loading package STANDARD
# -- Loading package TEXTIO
# -- Loading package std_logic_1164
# -- Loading package std_logic_arith
# -- Loading package STD_LOGIC_UNSIGNED
# -- Loading package std_logic_textio
# -- Compiling entity OC
# -- Compiling architecture testbench_arch of OC
# -- Compiling configuration onecounter_cfg
# -- Loading entity OC
# -- Loading architecture testbench_arch of OC
# -- Loading entity onecounter
# //  ModelSim PE Student Edition 10.2 Feb  2 2013 
# //
# //  Copyright 1991-2013 Mentor Graphics Corporation
# //  All Rights Reserved.
# //
# //  THIS WORK CONTAINS TRADE SECRET AND PROPRIETARY INFORMATION
# //  WHICH IS THE PROPERTY OF MENTOR GRAPHICS CORPORATION OR ITS
# //  LICENSORS AND IS SUBJECT TO LICENSE TERMS.
# //
# // NOT FOR CORPORATE OR PRODUCTION USE.
# // THE ModelSim PE Student Edition IS NOT A SUPPORTED PRODUCT.
# // FOR HIGHER EDUCATION PURPOSES ONLY
# //
# vsim -lib work -t 1ps OC 
# ** Error: ModelSim PE Student Edition license key file not found at C:\Modeltech_pe_edu_10.2\win32pe_edu\..\student_license.dat.
# ** FATAL ERROR: ModelSim PE Student Edition licensing failure due to one or more problems with the license key such as:
# - it is not found
# - it has expired
# - it is not for this user
# - it is not for this computer
# - it is not for this version of ModelSim PE Student Edition.
# 
# Please go to http://www.model.com and download an updated copy of the ModelSim PE Student Edition.
# Error loading design
# Error: Error loading design 
#        Executing onElabError command(s): resume 
# ** Error: No Design Loaded!
# Executing ONERROR command at macro ./OC.ado line 13
ERROR: VSim failed to simulate annotated testbench

Project Navigator Auto-Make Log File
-------------------------------------




Project Navigator Auto-Make Log File
-------------------------------------



Project Navigator Auto-Make Log File
-------------------------------------



Project Navigator Auto-Make Log File
-------------------------------------


