Project Navigator Auto-Make Log File
-------------------------------------




Started process "Check Syntax".


=========================================================================
*                          HDL Compilation                              *
=========================================================================
Compiling vhdl file c:/users/roberto/desktop/parity/parity.vhd in Library work.
ERROR:HDLParsers:1202 - c:/users/roberto/desktop/parity/parity.vhd Line 15. Redeclaration of symbol P0.
ERROR: XST failed
Process "Check Syntax" did not complete.


Project Navigator Auto-Make Log File
-------------------------------------




Started process "Check Syntax".


=========================================================================
*                          HDL Compilation                              *
=========================================================================
Compiling vhdl file c:/users/roberto/desktop/parity/parity.vhd in Library work.
Entity <parity> (Architecture <Behavioral>) compiled.
Completed process "Check Syntax".



Project Navigator Auto-Make Log File
-------------------------------------




Started process "Check Syntax".


=========================================================================
*                          HDL Compilation                              *
=========================================================================
Compiling vhdl file c:/users/roberto/desktop/parity/parity.vhd in Library work.
ERROR:HDLParsers:808 - c:/users/roberto/desktop/parity/parity.vhd Line 35. xor can not have such operands in this context.
ERROR:HDLParsers:808 - c:/users/roberto/desktop/parity/parity.vhd Line 36. xor can not have such operands in this context.
ERROR: XST failed
Process "Check Syntax" did not complete.


Project Navigator Auto-Make Log File
-------------------------------------




Started process "Check Syntax".


=========================================================================
*                          HDL Compilation                              *
=========================================================================
WARNING:HDLParsers:3458 - Because of erroneous VHDL in VHDL file c:\users\roberto\desktop\parity/parity.vhd, automatic determination of correct order of compilation of files in project file parity_vhdl.prj is not possible. Please compile your vhdl file(s) individually to find and fix the error(s) in your vhdl file(s). Defaulting to compilation in the order vhdl file names appear in the project file.
Compiling vhdl file c:\users\roberto\desktop\parity/parity.vhd in Library work.
ERROR:HDLParsers:808 - c:\users\roberto\desktop\parity/parity.vhd Line 37. = can not have such operands in this context.
ERROR:HDLParsers:808 - c:\users\roberto\desktop\parity/parity.vhd Line 40. = can not have such operands in this context.
ERROR:HDLParsers:164 - c:\users\roberto\desktop\parity/parity.vhd Line 45. parse error, unexpected PROCESS, expecting IF
ERROR: XST failed
Process "Check Syntax" did not complete.


Project Navigator Auto-Make Log File
-------------------------------------




Started process "Check Syntax".


=========================================================================
*                          HDL Compilation                              *
=========================================================================
WARNING:HDLParsers:3458 - Because of erroneous VHDL in VHDL file c:\users\roberto\desktop\parity/parity.vhd, automatic determination of correct order of compilation of files in project file parity_vhdl.prj is not possible. Please compile your vhdl file(s) individually to find and fix the error(s) in your vhdl file(s). Defaulting to compilation in the order vhdl file names appear in the project file.
Compiling vhdl file c:\users\roberto\desktop\parity/parity.vhd in Library work.
ERROR:HDLParsers:164 - c:\users\roberto\desktop\parity/parity.vhd Line 45. parse error, unexpected PROCESS, expecting IF
ERROR: XST failed
Process "Check Syntax" did not complete.


Project Navigator Auto-Make Log File
-------------------------------------




Started process "Check Syntax".


=========================================================================
*                          HDL Compilation                              *
=========================================================================
Compiling vhdl file c:/users/roberto/desktop/parity/parity.vhd in Library work.
Entity <parity> (Architecture <behavioral>) compiled.
Completed process "Check Syntax".



Project Navigator Auto-Make Log File
-------------------------------------



Project Navigator Auto-Make Log File
-------------------------------------



Project Navigator Auto-Make Log File
-------------------------------------



Project Navigator Auto-Make Log File
-------------------------------------



Project Navigator Auto-Make Log File
-------------------------------------



Project Navigator Auto-Make Log File
-------------------------------------



Project Navigator Auto-Make Log File
-------------------------------------




Started process "Check Syntax".


=========================================================================
*                          HDL Compilation                              *
=========================================================================
Compiling vhdl file c:/users/roberto/desktop/parity/parity.vhd in Library work.
Entity <parity> (Architecture <behavioral>) compiled.
Completed process "Check Syntax".



Project Navigator Auto-Make Log File
-------------------------------------



Project Navigator Auto-Make Log File
-------------------------------------



Project Navigator Auto-Make Log File
-------------------------------------




Started process "Check Syntax".


=========================================================================
*                          HDL Compilation                              *
=========================================================================
Compiling vhdl file C:/Users/Roberto/Desktop/parity/parity.vhd in Library work.
Entity <parity> (Architecture <behavioral>) compiled.
Completed process "Check Syntax".



Project Navigator Auto-Make Log File
-------------------------------------




Started process "Check Syntax".


=========================================================================
*                          HDL Compilation                              *
=========================================================================
Compiling vhdl file C:/Users/Roberto/Desktop/parity/parity.vhd in Library work.
Entity <parity> (Architecture <behavioral>) compiled.
Completed process "Check Syntax".



Project Navigator Auto-Make Log File
-------------------------------------



Project Navigator Auto-Make Log File
-------------------------------------



Project Navigator Auto-Make Log File
-------------------------------------



Project Navigator Auto-Make Log File
-------------------------------------



Project Navigator Auto-Make Log File
-------------------------------------




Started process "Check Syntax".


=========================================================================
*                          HDL Compilation                              *
=========================================================================
Compiling vhdl file C:/Users/Roberto/Desktop/parity/parity.vhd in Library work.
Entity <parity> (Architecture <behavioral>) compiled.
Completed process "Check Syntax".



Project Navigator Auto-Make Log File
-------------------------------------



Project Navigator Auto-Make Log File
-------------------------------------



Project Navigator Auto-Make Log File
-------------------------------------




Started process "Check Syntax".


=========================================================================
*                          HDL Compilation                              *
=========================================================================
WARNING:HDLParsers:3458 - Because of erroneous VHDL in VHDL file C:\Users\Roberto\Desktop\parity/parity.vhd, automatic determination of correct order of compilation of files in project file parity_vhdl.prj is not possible. Please compile your vhdl file(s) individually to find and fix the error(s) in your vhdl file(s). Defaulting to compilation in the order vhdl file names appear in the project file.
Compiling vhdl file C:\Users\Roberto\Desktop\parity/parity.vhd in Library work.
ERROR:HDLParsers:164 - C:\Users\Roberto\Desktop\parity/parity.vhd Line 67. parse error, unexpected PROCESS, expecting IF
ERROR: XST failed
Process "Check Syntax" did not complete.


Project Navigator Auto-Make Log File
-------------------------------------




Started process "Check Syntax".


=========================================================================
*                          HDL Compilation                              *
=========================================================================
Compiling vhdl file C:/Users/Roberto/Desktop/parity/parity.vhd in Library work.
Entity <parity> (Architecture <behavioral>) compiled.
Completed process "Check Syntax".



Project Navigator Auto-Make Log File
-------------------------------------



Project Navigator Auto-Make Log File
-------------------------------------



Project Navigator Auto-Make Log File
-------------------------------------



Project Navigator Auto-Make Log File
-------------------------------------



Project Navigator Auto-Make Log File
-------------------------------------



Project Navigator Auto-Make Log File
-------------------------------------



Project Navigator Auto-Make Log File
-------------------------------------



Project Navigator Auto-Make Log File
-------------------------------------



Project Navigator Auto-Make Log File
-------------------------------------



Project Navigator Auto-Make Log File
-------------------------------------



Project Navigator Auto-Make Log File
-------------------------------------



Project Navigator Auto-Make Log File
-------------------------------------



Project Navigator Auto-Make Log File
-------------------------------------



Project Navigator Auto-Make Log File
-------------------------------------



Project Navigator Auto-Make Log File
-------------------------------------



Project Navigator Auto-Make Log File
-------------------------------------




Started process "Check Syntax".


=========================================================================
*                          HDL Compilation                              *
=========================================================================
Compiling vhdl file C:/Users/Roberto/Desktop/parity/parity.vhd in Library work.
Entity <parity> (Architecture <behavioral>) compiled.
Completed process "Check Syntax".



Project Navigator Auto-Make Log File
-------------------------------------




Started process "Check Syntax".


=========================================================================
*                          HDL Compilation                              *
=========================================================================
WARNING:HDLParsers:3458 - Because of erroneous VHDL in VHDL file C:\Users\Roberto\Desktop\parity/parity.vhd, automatic determination of correct order of compilation of files in project file parity_vhdl.prj is not possible. Please compile your vhdl file(s) individually to find and fix the error(s) in your vhdl file(s). Defaulting to compilation in the order vhdl file names appear in the project file.
Compiling vhdl file C:\Users\Roberto\Desktop\parity/parity.vhd in Library work.
ERROR:HDLParsers:164 - C:\Users\Roberto\Desktop\parity/parity.vhd Line 50. parse error, unexpected COLON, expecting SEMICOLON
ERROR: XST failed
Process "Check Syntax" did not complete.


Project Navigator Auto-Make Log File
-------------------------------------




Started process "Check Syntax".


=========================================================================
*                          HDL Compilation                              *
=========================================================================
Compiling vhdl file C:/Users/Roberto/Desktop/parity/parity.vhd in Library work.
Entity <parity> (Architecture <behavioral>) compiled.
Completed process "Check Syntax".



Project Navigator Auto-Make Log File
-------------------------------------



Project Navigator Auto-Make Log File
-------------------------------------


